	[00000000] <-- 341EFFFC
	[00000004] <-- 341DFFFC
	[00000008] <-- 34040304
	[0000000C] <-- 8C100300
	[00000010] <-- 02002842
	[00000014] <-- 00048825
	[00000018] <-- 00059025
	[0000001C] <-- 0C00001A
	[00000020] <-- 02004042
	[00000024] <-- 02082823
	[00000028] <-- 01004080
	[0000002C] <-- 34040304
	[00000030] <-- 00882021
	[00000034] <-- 00049825
	[00000038] <-- 0005A025
	[0000003C] <-- 0C00001A
	[00000040] <-- 00112025
	[00000044] <-- 00122825
	[00000048] <-- 00133025
	[0000004C] <-- 00143825
	[00000050] <-- 34080500
	[00000054] <-- 27BDFFFC
	[00000058] <-- AFA80000
	[0000005C] <-- 0C00002B
	[00000060] <-- 27BD0004
	[00000064] <-- FFFFFFFF
	[00000068] <-- 34080004
	[0000006C] <-- 00A04880
	[00000070] <-- 0109082B
	[00000074] <-- 1020000C
	[00000078] <-- 0088C821
	[0000007C] <-- 8F380000
	[00000080] <-- 13240006
	[00000084] <-- 8F2FFFFC
	[00000088] <-- 030F082A
	[0000008C] <-- 10200003
	[00000090] <-- AF2F0000
	[00000094] <-- 2739FFFC
	[00000098] <-- 08000020
	[0000009C] <-- AF380000
	[000000A0] <-- 25080004
	[000000A4] <-- 0800001C
	[000000A8] <-- 03E00008
	[000000AC] <-- 8FA80000
	[000000B0] <-- 14A00002
	[000000B4] <-- 14E00001
	[000000B8] <-- 0800004D
	[000000BC] <-- 10E0000F
	[000000C0] <-- 10A00015
	[000000C4] <-- 8C890000
	[000000C8] <-- 8CCA0000
	[000000CC] <-- 012A082A
	[000000D0] <-- 10200005
	[000000D4] <-- AD090000
	[000000D8] <-- 25080004
	[000000DC] <-- 24840004
	[000000E0] <-- 24A5FFFF
	[000000E4] <-- 0800002C
	[000000E8] <-- AD0A0000
	[000000EC] <-- 25080004
	[000000F0] <-- 24C60004
	[000000F4] <-- 24E7FFFF
	[000000F8] <-- 0800002C
	[000000FC] <-- 8C890000
	[00000100] <-- AD090000
	[00000104] <-- 25080004
	[00000108] <-- 24A5FFFF
	[0000010C] <-- 24840004
	[00000110] <-- 10A00008
	[00000114] <-- 0800003F
	[00000118] <-- 8CCA0000
	[0000011C] <-- AD0A0000
	[00000120] <-- 25080004
	[00000124] <-- 24E7FFFF
	[00000128] <-- 24C60004
	[0000012C] <-- 10E00001
	[00000130] <-- 08000046
	[00000134] <-- 03E00008
	[00000300] <-- 00000002
	[00000304] <-- 00000002
	[00000308] <-- 00000001
81 words loaded from meminit.hex
Starting simulation...

	Core 1
	PC <-- 00000000

00000000(Core 1): 
	I$ MISS: I$[0].tag <-- 0x0
	341EFFFC ORI R30, R0, 65532
	PC <-- 00000004
	R30 <-- 0000FFFC

00000004(Core 1): 
	I$ MISS: I$[1].tag <-- 0x0
	341DFFFC ORI R29, R0, 65532
	PC <-- 00000008
	R29 <-- 0000FFFC

00000008(Core 1): 
	I$ MISS: I$[2].tag <-- 0x0
	34040304 ORI R4, R0, 772
	PC <-- 0000000C
	R4 <-- 00000304

0000000C(Core 1): 
	I$ MISS: I$[3].tag <-- 0x0
	8C100300 LW R16, 768(R0)
	PC <-- 00000010
	[word read from 00000300]
	R16 <-- 00000002
	D$ MISS: D$[0][0].tag <-- 0xC (0)

00000010(Core 1): 
	I$ MISS: I$[4].tag <-- 0x0
	02002842 SRL R5, R16, 1
	PC <-- 00000014
	R5 <-- 00000001

00000014(Core 1): 
	I$ MISS: I$[5].tag <-- 0x0
	00048825 OR R17, R0, R4
	PC <-- 00000018
	R17 <-- 00000304

00000018(Core 1): 
	I$ MISS: I$[6].tag <-- 0x0
	00059025 OR R18, R0, R5
	PC <-- 0000001C
	R18 <-- 00000001

0000001C(Core 1): 
	I$ MISS: I$[7].tag <-- 0x0
	0C00001A JAL 00000068
	PC <-- 00000068
	R31 <-- 00000020

00000068(Core 1): 
	I$ MISS: I$[10].tag <-- 0x1
	34080004 ORI R8, R0, 4
	PC <-- 0000006C
	R8 <-- 00000004

0000006C(Core 1): 
	I$ MISS: I$[11].tag <-- 0x1
	00A04880 SLL R9, R5, 2
	PC <-- 00000070
	R9 <-- 00000004

00000070(Core 1): 
	I$ MISS: I$[12].tag <-- 0x1
	0109082B SLTU R1, R8, R9
	PC <-- 00000074
	R1 <-- 00000000

00000074(Core 1): 
	I$ MISS: I$[13].tag <-- 0x1
	1020000C BEQ R0, R1, 168
	PC <-- 000000A8

000000A8(Core 1): 
	I$ MISS: I$[10].tag <-- 0x2
	03E00008 JR R31
	PC <-- 00000020

00000020(Core 1): 
	I$ MISS: I$[8].tag <-- 0x0
	02004042 SRL R8, R16, 1
	PC <-- 00000024
	R8 <-- 00000001

00000024(Core 1): 
	I$ MISS: I$[9].tag <-- 0x0
	02082823 SUBU R5, R16, R8
	PC <-- 00000028
	R5 <-- 00000001

00000028(Core 1): 
	I$ MISS: I$[10].tag <-- 0x0
	01004080 SLL R8, R8, 2
	PC <-- 0000002C
	R8 <-- 00000004

0000002C(Core 1): 
	I$ MISS: I$[11].tag <-- 0x0
	34040304 ORI R4, R0, 772
	PC <-- 00000030
	R4 <-- 00000304

00000030(Core 1): 
	I$ MISS: I$[12].tag <-- 0x0
	00882021 ADDU R4, R4, R8
	PC <-- 00000034
	R4 <-- 00000308

00000034(Core 1): 
	I$ MISS: I$[13].tag <-- 0x0
	00049825 OR R19, R0, R4
	PC <-- 00000038
	R19 <-- 00000308

00000038(Core 1): 
	I$ MISS: I$[14].tag <-- 0x0
	0005A025 OR R20, R0, R5
	PC <-- 0000003C
	R20 <-- 00000001

0000003C(Core 1): 
	I$ MISS: I$[15].tag <-- 0x0
	0C00001A JAL 00000068
	PC <-- 00000068
	R31 <-- 00000040

00000068(Core 1): 
	I$ MISS: I$[10].tag <-- 0x1
	34080004 ORI R8, R0, 4
	PC <-- 0000006C
	R8 <-- 00000004

0000006C(Core 1): 
	I$ MISS: I$[11].tag <-- 0x1
	00A04880 SLL R9, R5, 2
	PC <-- 00000070
	R9 <-- 00000004

00000070(Core 1): 
	I$ MISS: I$[12].tag <-- 0x1
	0109082B SLTU R1, R8, R9
	PC <-- 00000074
	R1 <-- 00000000

00000074(Core 1): 
	I$ MISS: I$[13].tag <-- 0x1
	1020000C BEQ R0, R1, 168
	PC <-- 000000A8

000000A8(Core 1): 
	I$ MISS: I$[10].tag <-- 0x2
	03E00008 JR R31
	PC <-- 00000040

00000040(Core 1): 
	I$ MISS: I$[0].tag <-- 0x1
	00112025 OR R4, R0, R17
	PC <-- 00000044
	R4 <-- 00000304

00000044(Core 1): 
	I$ MISS: I$[1].tag <-- 0x1
	00122825 OR R5, R0, R18
	PC <-- 00000048
	R5 <-- 00000001

00000048(Core 1): 
	I$ MISS: I$[2].tag <-- 0x1
	00133025 OR R6, R0, R19
	PC <-- 0000004C
	R6 <-- 00000308

0000004C(Core 1): 
	I$ MISS: I$[3].tag <-- 0x1
	00143825 OR R7, R0, R20
	PC <-- 00000050
	R7 <-- 00000001

00000050(Core 1): 
	I$ MISS: I$[4].tag <-- 0x1
	34080500 ORI R8, R0, 1280
	PC <-- 00000054
	R8 <-- 00000500

00000054(Core 1): 
	I$ MISS: I$[5].tag <-- 0x1
	27BDFFFC ADDIU R29, R29, -4
	PC <-- 00000058
	R29 <-- 0000FFF8

00000058(Core 1): 
	I$ MISS: I$[6].tag <-- 0x1
	AFA80000 SW R8, 0(R29)
	PC <-- 0000005C
	D$ MISS: D$[7][0].tag <-- 0x3FF (0)
	[0000FFF8] <-- 00000500

0000005C(Core 1): 
	I$ MISS: I$[7].tag <-- 0x1
	0C00002B JAL 000000AC
	PC <-- 000000AC
	R31 <-- 00000060

000000AC(Core 1): 
	I$ MISS: I$[11].tag <-- 0x2
	8FA80000 LW R8, 0(R29)
	PC <-- 000000B0
	[word read from 0000FFF8]
	R8 <-- 00000500
	D$[7][0] HIT with Tag = 0x3FF (1)

000000B0(Core 1): 
	I$ MISS: I$[12].tag <-- 0x2
	14A00002 BNE R5, R0, 188
	PC <-- 000000BC

000000BC(Core 1): 
	I$ MISS: I$[15].tag <-- 0x2
	10E0000F BEQ R0, R7, 252
	PC <-- 000000C0

000000C0(Core 1): 
	I$ MISS: I$[0].tag <-- 0x3
	10A00015 BEQ R0, R5, 280
	PC <-- 000000C4

000000C4(Core 1): 
	I$ MISS: I$[1].tag <-- 0x3
	8C890000 LW R9, 0(R4)
	PC <-- 000000C8
	[word read from 00000304]
	R9 <-- 00000002
	D$[0][0] HIT with Tag = 0xC (2)

000000C8(Core 1): 
	I$ MISS: I$[2].tag <-- 0x3
	8CCA0000 LW R10, 0(R6)
	PC <-- 000000CC
	[word read from 00000308]
	R10 <-- 00000001
	D$ MISS: D$[1][0].tag <-- 0xC (2)

000000CC(Core 1): 
	I$ MISS: I$[3].tag <-- 0x3
	012A082A SLT R1, R9, R10
	PC <-- 000000D0
	R1 <-- 00000000

000000D0(Core 1): 
	I$ MISS: I$[4].tag <-- 0x3
	10200005 BEQ R0, R1, 232
	PC <-- 000000E8

000000E8(Core 1): 
	I$ MISS: I$[10].tag <-- 0x3
	AD0A0000 SW R10, 0(R8)
	PC <-- 000000EC
	D$ MISS: D$[0][1].tag <-- 0x14 (2)
	[00000500] <-- 00000001

000000EC(Core 1): 
	I$ MISS: I$[11].tag <-- 0x3
	25080004 ADDIU R8, R8, 4
	PC <-- 000000F0
	R8 <-- 00000504

000000F0(Core 1): 
	I$ MISS: I$[12].tag <-- 0x3
	24C60004 ADDIU R6, R6, 4
	PC <-- 000000F4
	R6 <-- 0000030C

000000F4(Core 1): 
	I$ MISS: I$[13].tag <-- 0x3
	24E7FFFF ADDIU R7, R7, -1
	PC <-- 000000F8
	R7 <-- 00000000

000000F8(Core 1): 
	I$ MISS: I$[14].tag <-- 0x3
	0800002C J 000000B0
	PC <-- 000000B0

000000B0(Core 1): 
	I$ MISS: I$[12].tag <-- 0x2
	14A00002 BNE R5, R0, 188
	PC <-- 000000BC

000000BC(Core 1): 
	I$[15] HIT with Tag = 0x2
	10E0000F BEQ R0, R7, 252
	PC <-- 000000FC

000000FC(Core 1): 
	I$ MISS: I$[15].tag <-- 0x3
	8C890000 LW R9, 0(R4)
	PC <-- 00000100
	[word read from 00000304]
	R9 <-- 00000002
	D$[0][0] HIT with Tag = 0xC (3)

00000100(Core 1): 
	I$ MISS: I$[0].tag <-- 0x4
	AD090000 SW R9, 0(R8)
	PC <-- 00000104
	D$[0][1] HIT with Tag = 0x14 (4)
	[00000504] <-- 00000002

00000104(Core 1): 
	I$ MISS: I$[1].tag <-- 0x4
	25080004 ADDIU R8, R8, 4
	PC <-- 00000108
	R8 <-- 00000508

00000108(Core 1): 
	I$ MISS: I$[2].tag <-- 0x4
	24A5FFFF ADDIU R5, R5, -1
	PC <-- 0000010C
	R5 <-- 00000000

0000010C(Core 1): 
	I$ MISS: I$[3].tag <-- 0x4
	24840004 ADDIU R4, R4, 4
	PC <-- 00000110
	R4 <-- 00000308

00000110(Core 1): 
	I$ MISS: I$[4].tag <-- 0x4
	10A00008 BEQ R0, R5, 308
	PC <-- 00000134

00000134(Core 1): 
	I$ MISS: I$[13].tag <-- 0x4
	03E00008 JR R31
	PC <-- 00000060

00000060(Core 1): 
	I$ MISS: I$[8].tag <-- 0x1
	27BD0004 ADDIU R29, R29, 4
	PC <-- 00000064
	R29 <-- 0000FFFC

00000064(Core 1): 
	I$ MISS: I$[9].tag <-- 0x1
	FFFFFFFF HALT
	PC <-- 00000068
HALT executed(Core 1).
Hit count stored to memory
	[00003100] <-- 00000004
Done simulating...

Instruction Breakdown:

	  SLL:    3 (5.17%)
	    J:    1 (1.72%)
	  JAL:    3 (5.17%)
	  BEQ:    7 (12.07%)
	  BNE:    2 (3.45%)
	 ADDIU:    8 (13.79%)
	  ORI:    7 (12.07%)
	  SRL:    2 (3.45%)
	   LW:    5 (8.62%)
	   SW:    3 (5.17%)
	 HALT:    1 (1.72%)
	   JR:    3 (5.17%)
	 ADDU:    1 (1.72%)
	 SUBU:    1 (1.72%)
	   OR:    8 (13.79%)
	  SLT:    1 (1.72%)
	 SLTU:    2 (3.45%)
	 TOTAL:   58

	PC: 00000068

ICache:
	 Accesses:	58
	 Hits:		1
	 Hit Rate:	1%
DCache:
	 Accesses:	8
	 Hits:		4
	 Hit Rate:	50%

General Purpose Registers:
	R 0: 00000000	R 1: 00000000	R 2: 00000000	R 3: 00000000
	R 4: 00000308	R 5: 00000000	R 6: 0000030C	R 7: 00000000
	R 8: 00000508	R 9: 00000002	R10: 00000001	R11: 00000000
	R12: 00000000	R13: 00000000	R14: 00000000	R15: 00000000
	R16: 00000002	R17: 00000304	R18: 00000001	R19: 00000308
	R20: 00000001	R21: 00000000	R22: 00000000	R23: 00000000
	R24: 00000000	R25: 00000000	R26: 00000000	R27: 00000000
	R28: 00000000	R29: 0000FFFC	R30: 0000FFFC	R31: 00000060
